# JRE version: OpenJDK Runtime Environment (8.0_152-b06) (build 1.8.0_152-release-1136-b06)
# Java VM: OpenJDK 64-Bit Server VM (25.152-b06 mixed mode windows-amd64 compressed oops)
Heap:
 PSYoungGen      total 323072K, used 213405K [0x00000000e0000000, 0x00000000f6b00000, 0x0000000100000000)
  eden space 276480K, 66% used [0x00000000e0000000,0x00000000eb31ece0,0x00000000f0e00000)
  from space 46592K, 64% used [0x00000000f3c80000,0x00000000f59c8900,0x00000000f6a00000)
  to   space 47616K, 0% used [0x00000000f0e00000,0x00000000f0e00000,0x00000000f3c80000)
 ParOldGen       total 231936K, used 71937K [0x00000000a0000000, 0x00000000ae280000, 0x00000000e0000000)
  object space 231936K, 31% used [0x00000000a0000000,0x00000000a4640608,0x00000000ae280000)
 Metaspace       used 99208K, capacity 106408K, committed 106648K, reserved 1142784K
  class space    used 12472K, capacity 13943K, committed 14000K, reserved 1048576K
GC Heap History (10 events):
Event: 6872.462 GC heap before
{Heap before GC invocations=34 (full 4):
 PSYoungGen      total 207872K, used 207544K [0x00000000e0000000, 0x00000000ef480000, 0x0000000100000000)
  eden space 195072K, 100% used [0x00000000e0000000,0x00000000ebe80000,0x00000000ebe80000)
  from space 12800K, 97% used [0x00000000ec380000,0x00000000ecfae0c0,0x00000000ed000000)
  to   space 27648K, 0% used [0x00000000ed980000,0x00000000ed980000,0x00000000ef480000)
 ParOldGen       total 231936K, used 60117K [0x00000000a0000000, 0x00000000ae280000, 0x00000000e0000000)
  object space 231936K, 25% used [0x00000000a0000000,0x00000000a3ab5500,0x00000000ae280000)
 Metaspace       used 98473K, capacity 105542K, committed 105752K, reserved 1140736K
  class space    used 12406K, capacity 13854K, committed 13872K, reserved 1048576K
Event: 6872.502 GC heap after
Heap after GC invocations=34 (full 4):
 PSYoungGen      total 220160K, used 23851K [0x00000000e0000000, 0x00000000f0900000, 0x0000000100000000)
  eden space 192512K, 0% used [0x00000000e0000000,0x00000000e0000000,0x00000000ebc00000)
  from space 27648K, 86% used [0x00000000ed980000,0x00000000ef0caf88,0x00000000ef480000)
  to   space 30208K, 0% used [0x00000000ebc00000,0x00000000ebc00000,0x00000000ed980000)
 ParOldGen       total 231936K, used 60125K [0x00000000a0000000, 0x00000000ae280000, 0x00000000e0000000)
  object space 231936K, 25% used [0x00000000a0000000,0x00000000a3ab7500,0x00000000ae280000)
 Metaspace       used 98473K, capacity 105542K, committed 105752K, reserved 1140736K
  class space    used 12406K, capacity 13854K, committed 13872K, reserved 1048576K
}
Event: 6874.669 GC heap before
{Heap before GC invocations=35 (full 4):
 PSYoungGen      total 220160K, used 216363K [0x00000000e0000000, 0x00000000f0900000, 0x0000000100000000)
  eden space 192512K, 100% used [0x00000000e0000000,0x00000000ebc00000,0x00000000ebc00000)
  from space 27648K, 86% used [0x00000000ed980000,0x00000000ef0caf88,0x00000000ef480000)
  to   space 30208K, 0% used [0x00000000ebc00000,0x00000000ebc00000,0x00000000ed980000)
 ParOldGen       total 231936K, used 60125K [0x00000000a0000000, 0x00000000ae280000, 0x00000000e0000000)
  object space 231936K, 25% used [0x00000000a0000000,0x00000000a3ab7500,0x00000000ae280000)
 Metaspace       used 98699K, capacity 105742K, committed 106008K, reserved 1140736K
  class space    used 12412K, capacity 13856K, committed 13872K, reserved 1048576K
Event: 6874.774 GC heap after
Heap after GC invocations=35 (full 4):
 PSYoungGen      total 222720K, used 30205K [0x00000000e0000000, 0x00000000f2a00000, 0x0000000100000000)
  eden space 192512K, 0% used [0x00000000e0000000,0x00000000e0000000,0x00000000ebc00000)
  from space 30208K, 99% used [0x00000000ebc00000,0x00000000ed97f640,0x00000000ed980000)
  to   space 37888K, 0% used [0x00000000f0500000,0x00000000f0500000,0x00000000f2a00000)
 ParOldGen       total 231936K, used 68721K [0x00000000a0000000, 0x00000000ae280000, 0x00000000e0000000)
  object space 231936K, 29% used [0x00000000a0000000,0x00000000a431c6f0,0x00000000ae280000)
 Metaspace       used 98699K, capacity 105742K, committed 106008K, reserved 1140736K
  class space    used 12412K, capacity 13856K, committed 13872K, reserved 1048576K
}
Event: 6883.174 GC heap before
{Heap before GC invocations=36 (full 4):
 PSYoungGen      total 222720K, used 221907K [0x00000000e0000000, 0x00000000f2a00000, 0x0000000100000000)
  eden space 192512K, 99% used [0x00000000e0000000,0x00000000ebb35930,0x00000000ebc00000)
  from space 30208K, 99% used [0x00000000ebc00000,0x00000000ed97f640,0x00000000ed980000)
  to   space 37888K, 0% used [0x00000000f0500000,0x00000000f0500000,0x00000000f2a00000)
 ParOldGen       total 231936K, used 68721K [0x00000000a0000000, 0x00000000ae280000, 0x00000000e0000000)
  object space 231936K, 29% used [0x00000000a0000000,0x00000000a431c6f0,0x00000000ae280000)
 Metaspace       used 99030K, capacity 106220K, committed 106392K, reserved 1142784K
  class space    used 12457K, capacity 13925K, committed 14000K, reserved 1048576K
Event: 6883.243 GC heap after
Heap after GC invocations=36 (full 4):
 PSYoungGen      total 261632K, used 36871K [0x00000000e0000000, 0x00000000f3380000, 0x0000000100000000)
  eden space 223744K, 0% used [0x00000000e0000000,0x00000000e0000000,0x00000000eda80000)
  from space 37888K, 97% used [0x00000000f0500000,0x00000000f2901d18,0x00000000f2a00000)
  to   space 43520K, 0% used [0x00000000eda80000,0x00000000eda80000,0x00000000f0500000)
 ParOldGen       total 231936K, used 68721K [0x00000000a0000000, 0x00000000ae280000, 0x00000000e0000000)
  object space 231936K, 29% used [0x00000000a0000000,0x00000000a431c6f0,0x00000000ae280000)
 Metaspace       used 99030K, capacity 106220K, committed 106392K, reserved 1142784K
  class space    used 12457K, capacity 13925K, committed 14000K, reserved 1048576K
}
Event: 6883.295 GC heap before
{Heap before GC invocations=37 (full 4):
 PSYoungGen      total 261632K, used 259978K [0x00000000e0000000, 0x00000000f3380000, 0x0000000100000000)
  eden space 223744K, 99% used [0x00000000e0000000,0x00000000ed9e0e10,0x00000000eda80000)
  from space 37888K, 97% used [0x00000000f0500000,0x00000000f2901d18,0x00000000f2a00000)
  to   space 43520K, 0% used [0x00000000eda80000,0x00000000eda80000,0x00000000f0500000)
 ParOldGen       total 231936K, used 68721K [0x00000000a0000000, 0x00000000ae280000, 0x00000000e0000000)
  object space 231936K, 29% used [0x00000000a0000000,0x00000000a431c6f0,0x00000000ae280000)
 Metaspace       used 99030K, capacity 106220K, committed 106392K, reserved 1142784K
  class space    used 12457K, capacity 13925K, committed 14000K, reserved 1048576K
Event: 6883.352 GC heap after
Heap after GC invocations=37 (full 4):
 PSYoungGen      total 267264K, used 33076K [0x00000000e0000000, 0x00000000f6a00000, 0x0000000100000000)
  eden space 223744K, 0% used [0x00000000e0000000,0x00000000e0000000,0x00000000eda80000)
  from space 43520K, 76% used [0x00000000eda80000,0x00000000efacd268,0x00000000f0500000)
  to   space 46592K, 0% used [0x00000000f3c80000,0x00000000f3c80000,0x00000000f6a00000)
 ParOldGen       total 231936K, used 68721K [0x00000000a0000000, 0x00000000ae280000, 0x00000000e0000000)
  object space 231936K, 29% used [0x00000000a0000000,0x00000000a431c6f0,0x00000000ae280000)
 Metaspace       used 99030K, capacity 106220K, committed 106392K, reserved 1142784K
  class space    used 12457K, capacity 13925K, committed 14000K, reserved 1048576K
}
Event: 7061.985 GC heap before
{Heap before GC invocations=38 (full 4):
 PSYoungGen      total 267264K, used 256820K [0x00000000e0000000, 0x00000000f6a00000, 0x0000000100000000)
  eden space 223744K, 100% used [0x00000000e0000000,0x00000000eda80000,0x00000000eda80000)
  from space 43520K, 76% used [0x00000000eda80000,0x00000000efacd268,0x00000000f0500000)
  to   space 46592K, 0% used [0x00000000f3c80000,0x00000000f3c80000,0x00000000f6a00000)
 ParOldGen       total 231936K, used 68721K [0x00000000a0000000, 0x00000000ae280000, 0x00000000e0000000)
  object space 231936K, 29% used [0x00000000a0000000,0x00000000a431c6f0,0x00000000ae280000)
 Metaspace       used 99101K, capacity 106252K, committed 106392K, reserved 1142784K
  class space    used 12464K, capacity 13929K, committed 14000K, reserved 1048576K
Event: 7062.063 GC heap after
Heap after GC invocations=38 (full 4):
 PSYoungGen      total 323072K, used 29986K [0x00000000e0000000, 0x00000000f6b00000, 0x0000000100000000)
  eden space 276480K, 0% used [0x00000000e0000000,0x00000000e0000000,0x00000000f0e00000)
  from space 46592K, 64% used [0x00000000f3c80000,0x00000000f59c8900,0x00000000f6a00000)
  to   space 47616K, 0% used [0x00000000f0e00000,0x00000000f0e00000,0x00000000f3c80000)
 ParOldGen       total 231936K, used 71937K [0x00000000a0000000, 0x00000000ae280000, 0x00000000e0000000)
  object space 231936K, 31% used [0x00000000a0000000,0x00000000a4640608,0x00000000ae280000)
 Metaspace       used 99101K, capacity 106252K, committed 106392K, reserved 1142784K
  class space    used 12464K, capacity 13929K, committed 14000K, reserved 1048576K
}

